<?xml version="1.0" encoding="UTF-8"?>
<testsuite xmlns:xsi="http://www.w3.org/2001/XMLSchema-instance" xsi:noNamespaceSchemaLocation="https://maven.apache.org/surefire/maven-surefire-plugin/xsd/surefire-test-report-3.0.xsd" version="3.0" name="TestSuite" time="35.054" tests="1" errors="0" skipped="0" failures="0">
  <properties>
[...]
</properties>
  <testcase name="runScenario[&quot;Login with valid credentials&quot;, &quot;User Management in OrangeHRM&quot;](1)" classname="runners.TestRunner" time="32.362">
    <system-out><![CDATA[
Scenario: Login with valid credentials              # file:///C:/Users/habib/IdeaProjects/FlairsTechTask/src/main/resources/features/UserManagement.feature:3
  ✔ Given user is on login page                     # Tests.UserManagementTest.user_is_on_login_page()
  ✔ When user enters valid username and password    # Tests.UserManagementTest.user_enters_valid_username_and_password()
  ✔ Then user should be redirected to the homepage  # Tests.UserManagementTest.user_should_be_redirected_to_the_homepage()
  ✔ And user clicks on Admin tab                    # Tests.UserManagementTest.user_clicks_on_Admin_tab()
Record label text: (9) Records Found
(9) Records Found
  ✔ And user gets the number of records             # Tests.UserManagementTest.user_gets_the_number_of_records()
  ✔ And user clicks Add button                      # Tests.UserManagementTest.user_clicks_Add_button()
  ✔ And user fills the required data                # Tests.UserManagementTest.user_fills_the_required_data()
  ✔ And user clicks Save button                     # Tests.UserManagementTest.user_clicks_Save_button()
  ✔ Then the number of records should increase by 1 # Tests.UserManagementTest.the_number_of_records_should_increase_by_1()
9
  ✔ When user searches for the new user             # Tests.UserManagementTest.user_searches_for_the_new_user()
  ✔ And user deletes the new user                   # Tests.UserManagementTest.admin_deletes_the_new_user()
Record label text: (8) Records Found
(8) Records Found
  ✔ Then the number of records should decrease by 1 # Tests.UserManagementTest.the_number_of_records_should_decrease_by_1()
]]></system-out>
    <system-err><![CDATA[SLF4J(W): No SLF4J providers were found.
SLF4J(W): Defaulting to no-operation (NOP) logger implementation
SLF4J(W): See https://www.slf4j.org/codes.html#noProviders for further details.
]]></system-err>
  </testcase>
</testsuite>